[debug] [2022-08-19T02:25:47.634Z] ----------------------------------------------------------------------
[debug] [2022-08-19T02:25:47.636Z] Command:       C:\Program Files\nodejs\node.exe C:\Users\freedomweb\AppData\Roaming\npm\node_modules\firebase-tools\lib\bin\firebase.js login
[debug] [2022-08-19T02:25:47.637Z] CLI Version:   11.7.0
[debug] [2022-08-19T02:25:47.637Z] Platform:      win32
[debug] [2022-08-19T02:25:47.637Z] Node Version:  v16.16.0
[debug] [2022-08-19T02:25:47.641Z] Time:          Fri Aug 19 2022 10:25:47 GMT+0800 (中国标准时间)
[debug] [2022-08-19T02:25:47.642Z] ----------------------------------------------------------------------
[debug] 
[debug] [2022-08-19T02:25:47.646Z] >>> [apiv2][query] GET https://firebase-public.firebaseio.com/cli.json [none]
[info] i  Firebase optionally collects CLI and Emulator Suite usage and error reporting information to help improve our products. Data is collected in accordance with Google's privacy policy (https://policies.google.com/privacy) and is not used to identify you.
 
[debug] [2022-08-19T02:25:48.408Z] <<< [apiv2][status] GET https://firebase-public.firebaseio.com/cli.json 200
[debug] [2022-08-19T02:25:48.409Z] <<< [apiv2][body] GET https://firebase-public.firebaseio.com/cli.json {"cloudBuildErrorAfter":1594252800000,"cloudBuildWarnAfter":1590019200000,"defaultNode10After":1594252800000,"minVersion":"3.0.5","node8DeploysDisabledAfter":1613390400000,"node8RuntimeDisabledAfter":1615809600000,"node8WarnAfter":1600128000000}
[info] i  To change your data collection preference at any time, run `firebase logout` and log in again. 
[info] 
[info] Visit this URL on this device to log in:
[info] https://accounts.google.com/o/oauth2/auth?client_id=563584335869-fgrhgmd47bqnekij5i8b5pr03ho849e6.apps.googleusercontent.com&scope=email%20openid%20https%3A%2F%2Fwww.googleapis.com%2Fauth%2Fcloudplatformprojects.readonly%20https%3A%2F%2Fwww.googleapis.com%2Fauth%2Ffirebase%20https%3A%2F%2Fwww.googleapis.com%2Fauth%2Fcloud-platform&response_type=code&state=236961281&redirect_uri=http%3A%2F%2Flocalhost%3A9005
[info] 
[info] Waiting for authentication...
[debug] [2022-08-19T02:26:42.998Z] >>> [apiv2][query] POST https://accounts.google.com/o/oauth2/token [none]
[debug] [2022-08-19T02:26:42.998Z] >>> [apiv2][body] POST https://accounts.google.com/o/oauth2/token [omitted]
[debug] [2022-08-19T02:26:53.525Z] Token Fetch Error: FirebaseError: Failed to make request to https://accounts.google.com/o/oauth2/token
    at RetryOperation._fn (C:\Users\freedomweb\AppData\Roaming\npm\node_modules\firebase-tools\lib\apiv2.js:242:31)
    at processTicksAndRejections (node:internal/process/task_queues:96:5)
[debug] [2022-08-19T02:26:53.530Z] >>> [apiv2][query] POST https://auth.firebase.tools/attest [none]
[debug] [2022-08-19T02:26:53.530Z] >>> [apiv2][body] POST https://auth.firebase.tools/attest {"session_id":"069ca090-5c4c-4b44-ac15-91cf00c72408"}
[debug] [2022-08-19T02:27:10.499Z] <<< [apiv2][status] POST https://auth.firebase.tools/attest 200
[debug] [2022-08-19T02:27:10.500Z] <<< [apiv2][body] POST https://auth.firebase.tools/attest {"token":"8716HV5wSw1WRlN3Ckn0pQ5fdciMq42OfHLUn0K2WwY"}
[info] 
[info] To sign in to the Firebase CLI:
[info] 
[info] 1. Take note of your session ID:
[info] 
[info]    069CA
[info] 
[info] 2. Visit the URL below on any device and follow the instructions to get your code:
[info] 
[info]    https://auth.firebase.tools/login?code_challenge=3TyHbMzeO4ErxZ7TSVrOh15zmFWh4ofuVCsAJnXBFYs&session=069ca090-5c4c-4b44-ac15-91cf00c72408&attest=8716HV5wSw1WRlN3Ckn0pQ5fdciMq42OfHLUn0K2WwY
[info] 
[info] 3. Paste or enter the authorization code below once you have it:
[info] 
[debug] [2022-08-19T02:27:42.853Z] ----------------------------------------------------------------------
[debug] [2022-08-19T02:27:42.855Z] Command:       C:\Program Files\nodejs\node.exe C:\Users\freedomweb\AppData\Roaming\npm\node_modules\firebase-tools\lib\bin\firebase.js login
[debug] [2022-08-19T02:27:42.855Z] CLI Version:   11.7.0
[debug] [2022-08-19T02:27:42.855Z] Platform:      win32
[debug] [2022-08-19T02:27:42.856Z] Node Version:  v16.16.0
[debug] [2022-08-19T02:27:42.859Z] Time:          Fri Aug 19 2022 10:27:42 GMT+0800 (中国标准时间)
[debug] [2022-08-19T02:27:42.859Z] ----------------------------------------------------------------------
[debug] 
[info] i  Firebase optionally collects CLI and Emulator Suite usage and error reporting information to help improve our products. Data is collected in accordance with Google's privacy policy (https://policies.google.com/privacy) and is not used to identify you.
 
[info] i  To change your data collection preference at any time, run `firebase logout` and log in again. 
[info] 
[info] Visit this URL on this device to log in:
[info] https://accounts.google.com/o/oauth2/auth?client_id=563584335869-fgrhgmd47bqnekij5i8b5pr03ho849e6.apps.googleusercontent.com&scope=email%20openid%20https%3A%2F%2Fwww.googleapis.com%2Fauth%2Fcloudplatformprojects.readonly%20https%3A%2F%2Fwww.googleapis.com%2Fauth%2Ffirebase%20https%3A%2F%2Fwww.googleapis.com%2Fauth%2Fcloud-platform&response_type=code&state=774653124&redirect_uri=http%3A%2F%2Flocalhost%3A9005
[info] 
[info] Waiting for authentication...
[debug] [2022-08-19T02:27:57.538Z] >>> [apiv2][query] POST https://accounts.google.com/o/oauth2/token [none]
[debug] [2022-08-19T02:27:57.539Z] >>> [apiv2][body] POST https://accounts.google.com/o/oauth2/token [omitted]
[debug] [2022-08-19T02:28:08.110Z] Token Fetch Error: FirebaseError: Failed to make request to https://accounts.google.com/o/oauth2/token
    at RetryOperation._fn (C:\Users\freedomweb\AppData\Roaming\npm\node_modules\firebase-tools\lib\apiv2.js:242:31)
    at processTicksAndRejections (node:internal/process/task_queues:96:5)
[debug] [2022-08-19T02:28:08.137Z] >>> [apiv2][query] POST https://auth.firebase.tools/attest [none]
[debug] [2022-08-19T02:28:08.137Z] >>> [apiv2][body] POST https://auth.firebase.tools/attest {"session_id":"8a036596-1e2d-4197-ad22-f0791bc51335"}
[debug] [2022-08-19T02:28:23.926Z] <<< [apiv2][status] POST https://auth.firebase.tools/attest 200
[debug] [2022-08-19T02:28:23.926Z] <<< [apiv2][body] POST https://auth.firebase.tools/attest {"token":"ZTY_gh60R8pMJI7NAKZYFYlUEjKfmYX9pCtZ3wHWhDU"}
[info] 
[info] To sign in to the Firebase CLI:
[info] 
[info] 1. Take note of your session ID:
[info] 
[info]    8A036
[info] 
[info] 2. Visit the URL below on any device and follow the instructions to get your code:
[info] 
[info]    https://auth.firebase.tools/login?code_challenge=_fGrl32Tmp8zlktqWbZieOseWPPnk15kgbTw1YclNkg&session=8a036596-1e2d-4197-ad22-f0791bc51335&attest=ZTY_gh60R8pMJI7NAKZYFYlUEjKfmYX9pCtZ3wHWhDU
[info] 
[info] 3. Paste or enter the authorization code below once you have it:
[info] 
